<?xml version="1.0" encoding="UTF-8"?>
<!-- Generated by org.testng.reporters.JUnitReportReporter -->
<testsuite skipped="0" hostname="DESKTOP-TF80URS" name="ecommerce.Guru99.DemoGuruEcomm" tests="3" failures="0" timestamp="16 Jan 2020 21:02:52 GMT" time="13.284" errors="0">
  <testcase name="Test3" time="5.225" classname="ecommerce.Guru99.DemoGuruEcomm"/>
  <testcase name="Test1" time="0.044" classname="ecommerce.Guru99.DemoGuruEcomm"/>
  <testcase name="Test2" time="8.015" classname="ecommerce.Guru99.DemoGuruEcomm"/>
</testsuite> <!-- ecommerce.Guru99.DemoGuruEcomm -->
