<?xml version="1.0" encoding="UTF-8"?>
<!-- Generated by org.testng.reporters.JUnitReportReporter -->
<testsuite skipped="0" hostname="DESKTOP-TF80URS" name="com.Guru99.DemoGuruEcomm" tests="3" failures="0" timestamp="16 Jan 2020 20:50:54 GMT" time="15.271" errors="0">
  <testcase name="Test2" time="8.952" classname="com.Guru99.DemoGuruEcomm"/>
  <testcase name="Test1" time="0.041" classname="com.Guru99.DemoGuruEcomm"/>
  <testcase name="Test3" time="6.278" classname="com.Guru99.DemoGuruEcomm"/>
</testsuite> <!-- com.Guru99.DemoGuruEcomm -->
