<?xml version="1.0" encoding="UTF-8"?>
<!-- Generated by org.testng.reporters.JUnitReportReporter -->
<testsuite skipped="0" hostname="DESKTOP-TF80URS" name="ecommerce.Guru99.GuruLogin" tests="1" failures="0" timestamp="16 Jan 2020 21:02:52 GMT" time="140.291" errors="0">
  <testcase name="LoginTest" time="140.291" classname="ecommerce.Guru99.GuruLogin"/>
</testsuite> <!-- ecommerce.Guru99.GuruLogin -->
