<?xml version="1.0" encoding="UTF-8"?>
<!-- Generated by org.testng.reporters.JUnitReportReporter -->
<testsuite skipped="0" hostname="DESKTOP-TF80URS" name="com.Guru99.BankHomePage" tests="1" failures="0" timestamp="14 Jan 2020 17:46:35 GMT" time="65.114" errors="0">
  <testcase name="verifyLogin" time="65.114" classname="com.Guru99.BankHomePage"/>
</testsuite> <!-- com.Guru99.BankHomePage -->
